<?xml version="1.0" encoding="UTF-8"?>
<!-- Generated by org.testng.reporters.JUnitReportReporter -->
<testsuite hostname="WIN-BE6PFADQ28D" name="Sample.Selenium.App" tests="3" failures="0" timestamp="25 May 2019 10:54:05 GMT" time="3.446" errors="0">
  <testcase name="validate" time="0.642" classname="Sample.Selenium.App"/>
  <testcase name="GetWeatherDetails" time="2.170" classname="Sample.Selenium.App"/>
  <testcase name="GetWeatherDetail" time="0.634" classname="Sample.Selenium.App"/>
</testsuite> <!-- Sample.Selenium.App -->
